
#######################################
#######################################
checking function to print nicely: header 1
#######################################
#######################################

###### checking function to print nicely: header 2 ######

## checking function to print nicely: header 3 ##

# checking function to print nicely: header 4 #

#######################################
#######################################
check behaviour run_bash
#######################################
#######################################

###### see working directory ######
/home/dftortosa/diego_docs/science/other_projects/australian_army_bishop/heavy_analyses/australian_army_bishop/association_studies


###### list files/folders there ######
03a_association_analyses.out
03a_association_analyses.sif
data
literature
results
scripts

total 526608
-rw-r--r-- 1 root root         0 Nov  2 16:25 03a_association_analyses.out
-rwxr-xr-x 1 1000 1000 539226112 Nov  2 16:22 03a_association_analyses.sif
drwxr-xr-x 4 1000 1000      4096 Oct 31 09:40 data
drwxr-xr-x 3 1000 1000      4096 Oct 31 09:40 literature
drwxr-xr-x 3 1000 1000      4096 Oct 31 09:40 results
drwxr-xr-x 4 1000 1000      4096 Oct 31 09:40 scripts


#######################################
#######################################
prepare covariates
#######################################
#######################################

###### load pheno data ######

## This include reported sex and VO2 max data. I have checked that the data is the same directly reading from excel than converting to csv ##
total 376
-rw-r--r-- 1 1000 1000    181 Nov  2 16:25 README.txt
-rw-r--r-- 1 1000 1000 154414 Oct 31 09:40 pheno_data.xlsx
-rw-r--r-- 1 1000 1000 222330 Oct 31 09:40 pheno_data_cleaned_missing_as_minus_2800.tsv

cp: cannot stat '../quality_control/data/pheno_data/Combat gene DNA GWAS 23062022_v2.xlsx': No such file or directory

     Gender        Age  ...  Week 8 Pred VO2max  AGRF code
0         M  25.000000  ...                47.7   8244TCOJ
1         M  43.720548  ...                43.6   6976MCJS
2         M  35.049315  ...                49.0   3484JSJJ
3         F  23.561644  ...                43.6   1389HSNM
4         M  26.164384  ...                54.0   7593DBAO
...     ...        ...  ...                 ...        ...
1459    NaN        NaN  ...                 NaN   2471AWMA
1460    NaN        NaN  ...                 NaN   6897TSSS
1461    NaN        NaN  ...                 NaN   6899DWOS
1462    NaN        NaN  ...                 NaN   6296TONJ
1463    NaN        NaN  ...                 NaN   7799BTDO

[1464 rows x 11 columns]

## Check that the dtype of the new beep distance columns is float64 ##
YES! GOOD TO GO!!

## Check that the new version of the pheno_data is exactly the same than the previous one if we remove the new beep distance variables ##

# load the original phenotype data #
Traceback (most recent call last):
  File "/opt/scripts/./03a_association_analyses.py", line 305, in <module>
    pheno_data_no_beep_distance = pd.read_excel(
  File "/usr/local/lib/python3.9/dist-packages/pandas/io/excel/_base.py", line 504, in read_excel
    io = ExcelFile(
  File "/usr/local/lib/python3.9/dist-packages/pandas/io/excel/_base.py", line 1563, in __init__
    ext = inspect_excel_format(
  File "/usr/local/lib/python3.9/dist-packages/pandas/io/excel/_base.py", line 1419, in inspect_excel_format
    with get_handle(
  File "/usr/local/lib/python3.9/dist-packages/pandas/io/common.py", line 872, in get_handle
    handle = open(handle, ioargs.mode)
FileNotFoundError: [Errno 2] No such file or directory: '../quality_control/data/pheno_data/combact gene DNA GWAS 23062022.xlsx'
